2025-06-28 17:28:30,822 - INFO - Accessed search history route
2025-06-28 17:28:31,086 - INFO - Accessed search history route
2025-06-28 17:28:31,145 - INFO - Accessed get_questions route
2025-06-28 17:28:31,171 - INFO - Accessed get_questions route
2025-06-28 17:28:31,172 - INFO - Accessed get_questions route
2025-06-28 17:28:38,242 - INFO - Accessed get_questions route
2025-06-28 17:28:38,552 - INFO - Accessed get_questions route
2025-06-28 17:28:38,572 - INFO - Accessed get_questions route
2025-06-28 17:28:38,657 - INFO - Accessed get_questions route
2025-06-28 17:28:38,659 - INFO - Accessed get_questions route
2025-06-28 17:28:39,019 - INFO - Accessed get_questions route
2025-06-28 17:28:39,021 - INFO - Accessed get_questions route
2025-06-28 17:28:39,072 - INFO - Accessed get_questions route
2025-06-28 17:28:39,073 - INFO - Accessed get_questions route
2025-06-28 17:28:39,461 - INFO - Accessed get_questions route
2025-06-28 17:28:39,462 - INFO - Accessed get_questions route
2025-06-28 17:28:39,512 - INFO - Accessed get_questions route
2025-06-28 17:28:39,514 - INFO - Accessed get_questions route
2025-06-28 17:28:39,715 - INFO - Accessed get_questions route
2025-06-28 17:28:39,921 - INFO - Accessed get_questions route
2025-06-28 17:28:39,941 - INFO - Accessed get_questions route
2025-06-28 17:28:39,977 - INFO - Accessed get_questions route
2025-06-28 17:28:39,981 - INFO - Accessed get_questions route
2025-06-28 17:28:40,088 - INFO - Accessed get_questions route
2025-06-28 17:28:40,089 - INFO - Accessed get_questions route
2025-06-28 17:28:40,388 - INFO - Accessed get_questions route
2025-06-28 17:28:40,403 - INFO - Accessed get_questions route
2025-06-28 17:28:40,437 - INFO - Accessed get_questions route
2025-06-28 17:28:40,459 - INFO - Accessed get_questions route
2025-06-28 17:28:40,491 - INFO - Accessed get_questions route
2025-06-28 17:28:40,525 - INFO - Accessed get_questions route
2025-06-28 17:28:40,874 - INFO - Accessed get_questions route
2025-06-28 17:28:40,939 - INFO - Accessed get_questions route
2025-06-28 17:28:47,864 - INFO - Accessed get_questions route
2025-06-28 17:28:47,866 - INFO - Accessed get_questions route
2025-06-28 17:28:48,184 - INFO - Accessed get_questions route
2025-06-28 17:28:48,247 - INFO - Accessed get_questions route
2025-06-28 17:28:48,248 - INFO - Accessed get_questions route
2025-06-28 17:28:48,313 - INFO - Accessed get_questions route
2025-06-28 17:28:48,314 - INFO - Accessed get_questions route
2025-06-28 17:28:48,575 - INFO - Accessed get_questions route
2025-06-28 17:28:48,643 - INFO - Accessed get_questions route
2025-06-28 17:28:48,664 - INFO - Accessed get_questions route
2025-06-28 17:28:48,717 - INFO - Accessed get_questions route
2025-06-28 17:28:48,728 - INFO - Accessed get_questions route
2025-06-28 17:28:48,770 - INFO - Accessed get_questions route
2025-06-28 17:28:48,960 - INFO - Accessed get_questions route
2025-06-28 17:28:48,995 - INFO - Accessed get_questions route
2025-06-28 17:28:49,067 - INFO - Accessed get_questions route
2025-06-28 17:28:49,092 - INFO - Accessed get_questions route
2025-06-28 17:28:49,169 - INFO - Accessed get_questions route
2025-06-28 17:28:49,170 - INFO - Accessed get_questions route
2025-06-28 17:28:49,323 - INFO - Accessed get_questions route
2025-06-28 17:28:49,351 - INFO - Accessed get_questions route
2025-06-28 17:28:49,408 - INFO - Accessed get_questions route
2025-06-28 17:28:49,458 - INFO - Accessed get_questions route
2025-06-28 17:28:49,525 - INFO - Accessed get_questions route
2025-06-28 17:28:49,528 - INFO - Accessed get_questions route
2025-06-28 17:28:49,667 - INFO - Accessed get_questions route
2025-06-28 17:28:49,698 - INFO - Accessed get_questions route
2025-06-28 17:28:49,758 - INFO - Accessed get_questions route
2025-06-28 17:31:05,996 - INFO - Accessed get_questions route
2025-06-28 17:31:06,301 - INFO - Accessed get_questions route
2025-06-28 17:31:06,347 - INFO - Accessed get_questions route
2025-06-28 17:31:06,365 - INFO - Accessed get_questions route
2025-06-28 17:31:06,368 - INFO - Accessed get_questions route
2025-06-28 17:31:06,689 - INFO - Accessed get_questions route
2025-06-28 17:31:06,691 - INFO - Accessed get_questions route
2025-06-28 17:31:06,740 - INFO - Accessed get_questions route
2025-06-28 17:31:06,741 - INFO - Accessed get_questions route
2025-06-28 17:31:06,785 - INFO - Accessed get_questions route
2025-06-28 17:31:06,786 - INFO - Accessed get_questions route
2025-06-28 17:31:07,070 - INFO - Accessed get_questions route
2025-06-28 17:31:07,071 - INFO - Accessed get_questions route
2025-06-28 17:31:07,119 - INFO - Accessed get_questions route
2025-06-28 17:31:07,120 - INFO - Accessed get_questions route
2025-06-28 17:31:07,155 - INFO - Accessed get_questions route
2025-06-28 17:31:07,166 - INFO - Accessed get_questions route
2025-06-28 17:31:07,458 - INFO - Accessed get_questions route
2025-06-28 17:31:07,459 - INFO - Accessed get_questions route
2025-06-28 17:31:07,521 - INFO - Accessed get_questions route
2025-06-28 17:31:07,522 - INFO - Accessed get_questions route
2025-06-28 17:31:07,595 - INFO - Accessed get_questions route
2025-06-28 17:31:07,596 - INFO - Accessed get_questions route
2025-06-28 17:31:07,784 - INFO - Accessed get_questions route
2025-06-28 17:31:07,785 - INFO - Accessed get_questions route
2025-06-28 17:31:07,862 - INFO - Accessed get_questions route
2025-06-28 17:31:07,863 - INFO - Accessed get_questions route
2025-06-28 17:31:07,927 - INFO - Accessed get_questions route
2025-06-28 17:31:07,929 - INFO - Accessed get_questions route
2025-06-28 17:31:08,113 - INFO - Accessed get_questions route
2025-06-28 17:31:08,152 - INFO - Accessed get_questions route
2025-06-28 17:31:08,204 - INFO - Accessed get_questions route
2025-06-28 17:31:08,206 - INFO - Accessed get_questions route
2025-06-28 17:31:24,092 - INFO - Accessed search history route
2025-06-28 17:31:24,415 - INFO - Accessed search history route
2025-06-28 17:31:24,449 - INFO - Accessed get_questions route
2025-06-28 17:31:24,451 - INFO - Accessed get_questions route
2025-06-28 17:33:44,944 - INFO - Accessed get_questions route
2025-06-28 17:33:44,948 - INFO - Accessed get_questions route
2025-06-28 17:34:17,917 - INFO - Accessed get_questions route
2025-06-28 17:35:12,180 - INFO - Accessed get_questions route
2025-06-28 17:35:12,488 - INFO - Accessed get_questions route
2025-06-28 17:35:12,551 - INFO - Accessed get_questions route
2025-06-28 17:35:12,573 - INFO - Accessed get_questions route
2025-06-28 17:35:12,587 - INFO - Accessed get_questions route
2025-06-28 17:35:12,963 - INFO - Accessed get_questions route
2025-06-28 17:35:12,965 - INFO - Accessed get_questions route
2025-06-28 17:35:13,004 - INFO - Accessed get_questions route
2025-06-28 17:35:13,006 - INFO - Accessed get_questions route
2025-06-28 17:35:13,225 - INFO - Accessed get_questions route
2025-06-28 17:35:13,370 - INFO - Accessed get_questions route
2025-06-28 17:35:13,371 - INFO - Accessed get_questions route
2025-06-28 17:35:13,415 - INFO - Accessed get_questions route
2025-06-28 17:35:13,416 - INFO - Accessed get_questions route
2025-06-28 17:35:13,452 - INFO - Accessed get_questions route
2025-06-28 17:35:13,637 - INFO - Accessed get_questions route
2025-06-28 17:35:13,720 - INFO - Accessed get_questions route
2025-06-28 17:35:13,770 - INFO - Accessed get_questions route
2025-06-28 17:35:13,771 - INFO - Accessed get_questions route
2025-06-28 17:35:13,813 - INFO - Accessed get_questions route
2025-06-28 17:35:13,814 - INFO - Accessed get_questions route
2025-06-28 17:35:13,973 - INFO - Accessed get_questions route
2025-06-28 17:35:14,066 - INFO - Accessed get_questions route
2025-06-28 17:35:14,152 - INFO - Accessed search history route
2025-06-28 17:35:14,479 - INFO - Accessed search history route
2025-06-28 17:35:14,510 - INFO - Accessed get_questions route
2025-06-28 17:35:14,516 - INFO - Accessed get_questions route
2025-06-28 17:35:14,820 - INFO - Accessed get_questions route
2025-06-28 17:36:49,926 - INFO - Accessed get_questions route
2025-06-28 17:36:49,929 - INFO - Accessed get_questions route
2025-06-28 17:43:00,935 - INFO - Accessed get_questions route
2025-06-28 18:03:17,709 - INFO - Accessed search history route
2025-06-28 18:03:17,830 - ERROR - Error fetching search history: (MySQLdb.OperationalError) (3065, "Expression #1 of ORDER BY clause is not in SELECT list, references column 'nagendb.searchhistory.count' which is not in SELECT list; this is incompatible with DISTINCT")
[SQL: SELECT DISTINCT question.`questionId` AS `question_questionId`, question.title AS question_title, question.body AS question_body, question.`createdAt` AS `question_createdAt`, question.`updatedAt` AS `question_updatedAt`, question.`likesCount` AS `question_likesCount`, question.`viewsCount` AS `question_viewsCount`, question.`commentsCount` AS `question_commentsCount`, question.`latestCommentDate` AS `question_latestCommentDate`, question.`userId` AS `question_userId` 
FROM question INNER JOIN questiontag ON question.`questionId` = questiontag.`questionId` INNER JOIN searchhistory ON searchhistory.`tagId` = questiontag.`tagId` 
WHERE searchhistory.`userId` = %s ORDER BY searchhistory.count DESC, question.`createdAt` DESC]
[parameters: ('2',)]
(Background on this error at: https://sqlalche.me/e/20/e3q8)
2025-06-28 18:03:18,152 - INFO - Accessed search history route
2025-06-28 18:03:18,160 - ERROR - Error fetching search history: (MySQLdb.OperationalError) (3065, "Expression #1 of ORDER BY clause is not in SELECT list, references column 'nagendb.searchhistory.count' which is not in SELECT list; this is incompatible with DISTINCT")
[SQL: SELECT DISTINCT question.`questionId` AS `question_questionId`, question.title AS question_title, question.body AS question_body, question.`createdAt` AS `question_createdAt`, question.`updatedAt` AS `question_updatedAt`, question.`likesCount` AS `question_likesCount`, question.`viewsCount` AS `question_viewsCount`, question.`commentsCount` AS `question_commentsCount`, question.`latestCommentDate` AS `question_latestCommentDate`, question.`userId` AS `question_userId` 
FROM question INNER JOIN questiontag ON question.`questionId` = questiontag.`questionId` INNER JOIN searchhistory ON searchhistory.`tagId` = questiontag.`tagId` 
WHERE searchhistory.`userId` = %s ORDER BY searchhistory.count DESC, question.`createdAt` DESC]
[parameters: ('2',)]
(Background on this error at: https://sqlalche.me/e/20/e3q8)
2025-06-28 18:07:34,478 - INFO - Accessed search history route
2025-06-28 18:07:34,884 - INFO - Accessed search history route
2025-06-28 18:12:36,422 - INFO - Accessed search history route
2025-06-28 18:13:02,918 - INFO - Accessed search history route
2025-06-28 18:14:29,904 - INFO - Accessed search history route
2025-06-28 18:22:07,908 - INFO - Accessed search history route
2025-06-28 18:22:07,921 - INFO - Accessed search history route
2025-06-28 18:46:18,086 - INFO - Accessed search history route
2025-06-28 18:46:50,434 - INFO - Accessed search history route
2025-06-28 18:46:50,764 - INFO - Accessed search history route
2025-06-28 18:47:36,917 - INFO - Accessed search history route
2025-06-28 18:47:58,419 - INFO - Accessed get question route for questionId: 6
2025-06-28 18:47:58,966 - INFO - Accessed get question route for questionId: 6
2025-06-28 18:48:04,155 - INFO - Accessed search history route
2025-06-28 18:48:04,417 - INFO - Accessed search history route
2025-06-28 18:48:57,223 - INFO - Accessed search history route
2025-06-28 18:50:00,126 - INFO - Accessed search history route
2025-06-28 18:52:14,484 - INFO - Accessed search history route
2025-06-28 18:57:38,758 - INFO - Accessed search history route
2025-06-28 18:57:38,853 - ERROR - Error fetching search history: (MySQLdb.OperationalError) (3065, "Expression #1 of ORDER BY clause is not in SELECT list, references column 'nagendb.searchhistory.lastUsedAt' which is not in SELECT list; this is incompatible with DISTINCT")
[SQL: SELECT DISTINCT searchhistory.`tagId` AS `searchhistory_tagId` 
FROM searchhistory 
WHERE searchhistory.`userId` = %s ORDER BY searchhistory.`lastUsedAt` DESC 
 LIMIT %s]
[parameters: ('2', 10)]
(Background on this error at: https://sqlalche.me/e/20/e3q8)
2025-06-28 18:59:55,395 - INFO - Accessed search history route
2025-06-28 19:00:06,234 - INFO - Accessed search history route
2025-06-28 19:00:51,815 - INFO - Accessed search history route
2025-06-28 19:00:54,125 - INFO - Accessed get_questions route
2025-06-28 19:00:54,433 - INFO - Accessed get_questions route
2025-06-28 19:01:03,144 - INFO - Accessed get_questions route
2025-06-28 19:01:03,147 - INFO - Accessed get_questions route
2025-06-28 19:01:04,192 - INFO - Accessed search history route
2025-06-28 19:01:04,527 - INFO - Accessed search history route
2025-06-28 19:06:09,403 - INFO - Accessed get_questions route
2025-06-28 19:06:09,406 - INFO - Accessed get_questions route
2025-06-28 19:06:32,757 - INFO - Accessed login route
2025-06-28 19:06:32,761 - INFO - Login successful for user: Nagendra123
2025-06-28 19:06:33,107 - INFO - Accessed search history route
2025-06-28 19:06:33,371 - INFO - Accessed search history route
2025-06-28 19:06:46,287 - INFO - Accessed search history route
2025-06-28 19:06:46,624 - INFO - Accessed search history route
2025-06-28 19:43:36,939 - INFO - Accessed search history route
2025-07-04 17:51:12,503 - INFO - Accessed check email route
2025-07-04 17:51:12,581 - INFO - Email is available: navyadeeraj8@gmail.com
2025-07-04 17:51:12,737 - INFO - Accessed signup route
2025-07-04 17:51:12,781 - INFO - User signed up successfully: NAVYA VARRI
2025-07-04 17:51:15,406 - INFO - Accessed check email route
2025-07-04 17:51:15,413 - INFO - Email already exists: navyadeeraj8@gmail.com
2025-07-04 17:52:43,479 - INFO - Accessed login route
2025-07-04 17:52:43,482 - INFO - Login successful for user: NAVYA VARRI
2025-07-04 17:52:43,766 - INFO - Accessed search history route
2025-07-04 17:52:43,850 - INFO - Accessed search history route
2025-07-04 17:55:58,752 - INFO - Accessed ask question route
2025-07-04 17:55:58,861 - INFO - Question posted by userId: 1
2025-07-04 17:56:05,555 - INFO - Accessed search history route
2025-07-04 17:56:05,809 - INFO - Accessed search history route
2025-07-04 17:56:15,631 - INFO - Accessed get_questions route
2025-07-04 17:56:15,653 - INFO - Accessed get_questions route
2025-07-04 17:56:36,302 - INFO - Accessed get_questions route
2025-07-04 17:56:41,248 - INFO - Accessed get_questions route
2025-07-04 17:57:50,236 - INFO - Accessed get question route for questionId: 1
2025-07-04 17:57:50,619 - INFO - Accessed get question route for questionId: 1
